<?xml version="1.0" encoding="UTF-8"?>
<!-- Generated by org.testng.reporters.JUnitXMLReporter -->
<testsuite ignored="0" hostname="RUBINI" failures="0" tests="3" name="Default test" time="2.049" errors="0" timestamp="2024-03-01T10:14:09 IST">
  <testcase classname="stepdefinitions.ManageAppointmentBlocks" name="loginTest" time="0.012"/>
  <testcase classname="stepdefinitions.ManageAppointmentBlocks" name="loginTest" time="0.006"/>
  <testcase classname="stepdefinitions.ManageAppointmentBlocks" name="loginTest" time="0.015"/>
</testsuite> <!-- Default test -->
